Arguments: 
  C:\Program Files\nodejs\node.exe C:\Program Files (x86)\Yarn\bin\yarn.js add -D webpack-cli

PATH: 
  C:\Program Files\Git\mingw64\bin;C:\Program Files\Git\usr\bin;C:\Users\cc\bin;E:\mysql-list\mysql-5.7\bin;F:\how2j\jdk\bin;C:\Program Files (x86)\Common Files\Oracle\Java\javapath;C:\ProgramData\Oracle\Java\javapath;C:\Program Files (x86)\Intel\iCLS Client;C:\Program Files\Intel\iCLS Client;C:\Windows\system32;C:\Windows;C:\Windows\System32\Wbem;C:\Windows\System32\WindowsPowerShell\v1.0;C:\Program Files (x86)\Intel\Intel(R) Management Engine Components\DAL;C:\Program Files\Intel\Intel(R) Management Engine Components\DAL;C:\Program Files (x86)\Intel\Intel(R) Management Engine Components\IPT;C:\Program Files\Intel\Intel(R) Management Engine Components\IPT;C:\Program Files (x86)\NVIDIA Corporation\PhysX\Common;C:\Program Files\Intel\WiFi\bin;C:\Program Files\Common Files\Intel\WirelessCommon;C:\WINDOWS\system32;C:\WINDOWS;C:\WINDOWS\System32\Wbem;C:\WINDOWS\System32\WindowsPowerShell\v1.0;C:\Users\cc\AppData\Local\Android\Sdk\platform-tools;C:\WINDOWS\System32\OpenSSH;C:\web\mysql-8.0.11-winx64\bin;C:\Program Files\Git\cmd;D:\apache-maven-3.5.0\bin;C:\Program Files\Microsoft VS Code\bin;E:\tools\cmder;F:\CZBANK\JavaTraining\installpackage\apache-maven-3.5.4-bin\apache-maven-3.5.4\bin;C:\Program Files (x86)\Yarn\bin;C:\Program Files\TortoiseSVN\bin;C:\Program Files\nodejs;C:\Users\cc\AppData\Local\Microsoft\WindowsApps;C:\Program Files\Microsoft VS Code\bin;C:\Users\cc\AppData\Local\Yarn\bin;C:\Users\cc\AppData\Roaming\npm

Yarn version: 
  1.10.1

Node version: 
  10.13.0

Platform: 
  win32 x64

Trace: 
  Error: ENOENT: no such file or directory, copyfile 'C:\Users\cc\AppData\Local\Yarn\Cache\v2\npm-ms-2.1.1-30a5864eb3ebb0a66f2ebe6d727af06a09d86e0a\license.md' -> 'E:\node_learn\webpack-example\node_modules\@babel\core\node_modules\ms\license.md'

npm manifest: 
  {
    "name": "webpack-example",
    "version": "1.0.0",
    "main": "index.js",
    "license": "MIT",
    "dependencies": {
      "react": "^16.6.3",
      "react-dom": "^16.6.3"
    },
    "devDependencies": {
      "@babel/core": "^7.1.6",
      "@babel/preset-env": "^7.1.6",
      "@babel/preset-react": "^7.0.0",
      "babel-loader": "^8.0.4",
      "webpack": "^4.26.1"
    }
  }

yarn manifest: 
  No manifest

Lockfile: 
  # THIS IS AN AUTOGENERATED FILE. DO NOT EDIT THIS FILE DIRECTLY.
  # yarn lockfile v1
  
  
  "js-tokens@^3.0.0 || ^4.0.0":
    version "4.0.0"
    resolved "http://r.cnpmjs.org/js-tokens/download/js-tokens-4.0.0.tgz#19203fb59991df98e3a287050d4647cdeaf32499"
    integrity sha1-GSA/tZmR35jjoocFDUZHzerzJJk=
  
  loose-envify@^1.1.0, loose-envify@^1.3.1:
    version "1.4.0"
    resolved "http://r.cnpmjs.org/loose-envify/download/loose-envify-1.4.0.tgz#71ee51fa7be4caec1a63839f7e682d8132d30caf"
    integrity sha1-ce5R+nvkyuwaY4OffmgtgTLTDK8=
    dependencies:
      js-tokens "^3.0.0 || ^4.0.0"
  
  object-assign@^4.1.1:
    version "4.1.1"
    resolved "http://r.cnpmjs.org/object-assign/download/object-assign-4.1.1.tgz#2109adc7965887cfc05cbbd442cac8bfbb360863"
    integrity sha1-IQmtx5ZYh8/AXLvUQsrIv7s2CGM=
  
  prop-types@^15.6.2:
    version "15.6.2"
    resolved "http://r.cnpmjs.org/prop-types/download/prop-types-15.6.2.tgz#05d5ca77b4453e985d60fc7ff8c859094a497102"
    integrity sha1-BdXKd7RFPphdYPx/+MhZCUpJcQI=
    dependencies:
      loose-envify "^1.3.1"
      object-assign "^4.1.1"
  
  react-dom@^16.6.3:
    version "16.6.3"
    resolved "http://r.cnpmjs.org/react-dom/download/react-dom-16.6.3.tgz#8fa7ba6883c85211b8da2d0efeffc9d3825cccc0"
    integrity sha1-j6e6aIPIUhG42i0O/v/J04JczMA=
    dependencies:
      loose-envify "^1.1.0"
      object-assign "^4.1.1"
      prop-types "^15.6.2"
      scheduler "^0.11.2"
  
  react@^16.6.3:
    version "16.6.3"
    resolved "http://r.cnpmjs.org/react/download/react-16.6.3.tgz#25d77c91911d6bbdd23db41e70fb094cc1e0871c"
    integrity sha1-Jdd8kZEda73SPbQecPsJTMHghxw=
    dependencies:
      loose-envify "^1.1.0"
      object-assign "^4.1.1"
      prop-types "^15.6.2"
      scheduler "^0.11.2"
  
  scheduler@^0.11.2:
    version "0.11.2"
    resolved "http://r.cnpmjs.org/scheduler/download/scheduler-0.11.2.tgz#a8db5399d06eba5abac51b705b7151d2319d33d3"
    integrity sha1-qNtTmdBuulq6xRtwW3FR0jGdM9M=
    dependencies:
      loose-envify "^1.1.0"
      object-assign "^4.1.1"
